\BOOKMARK [1][-]{section.1}{1 PROPONENTE\(S\), DIRECTOR Y ASESOR\(ES\)}{}% 1
\BOOKMARK [1][-]{section.2}{2 ORGANIZACI\323N USUARIA}{}% 2
\BOOKMARK [1][-]{section.3}{3 GLOSARIO}{}% 3
\BOOKMARK [1][-]{section.4}{4 \301REA}{}% 4
\BOOKMARK [1][-]{section.5}{5 MODALIDAD}{}% 5
\BOOKMARK [1][-]{section.6}{6 TITULO}{}% 6
\BOOKMARK [1][-]{section.7}{7 TEMA}{}% 7
\BOOKMARK [1][-]{section.8}{8 ANTECEDENTES}{}% 8
\BOOKMARK [2][-]{subsection.8.1}{8.1 Palabras Claves}{section.8}% 9
\BOOKMARK [2][-]{subsection.8.2}{8.2 Herramientas de B\372squeda}{section.8}% 10
\BOOKMARK [2][-]{subsection.8.3}{8.3 Estado del Arte}{section.8}% 11
\BOOKMARK [1][-]{section.9}{9 DESCRIPCI\323N DEL PROBLEMA}{}% 12
\BOOKMARK [1][-]{section.10}{10 JUSTIFICACI\323N}{}% 13
\BOOKMARK [2][-]{subsection.10.1}{10.1 Pertinencia}{section.10}% 14
\BOOKMARK [2][-]{subsection.10.2}{10.2 Viabilidad}{section.10}% 15
\BOOKMARK [2][-]{subsection.10.3}{10.3 Impacto}{section.10}% 16
\BOOKMARK [1][-]{section.11}{11 OBJETIVOS}{}% 17
\BOOKMARK [2][-]{subsection.11.1}{11.1 GENERAL}{section.11}% 18
\BOOKMARK [2][-]{subsection.11.2}{11.2 ESPEC\315FICOS}{section.11}% 19
\BOOKMARK [1][-]{section.12}{12 ALCANCE Y DELIMITACI\323N}{}% 20
\BOOKMARK [1][-]{section.13}{13 MARCO TE\323RICO}{}% 21
\BOOKMARK [1][-]{section.14}{14 METODOLOG\315A}{}% 22
\BOOKMARK [1][-]{section.15}{15 PRESUPUESTO Y RECURSOS NECESARIOS}{}% 23
\BOOKMARK [1][-]{section.16}{16 CRONOGRAMA}{}% 24
\BOOKMARK [1][-]{section.17}{17 Bibliography}{}% 25
